2026-05-02T04:29:11,920 [main] INFO  a.f.a.t.Tool$ - # APALACHE version: 0.56.1 | build: 70cdaf4
2026-05-02T04:29:11,943 [main] INFO  a.f.a.t.t.o.ServerCmd - Starting checker server on port 8822...
2026-05-02T04:29:14,731 [zio-default-async-5] INFO  a.f.a.i.p.PassChainExecutor - PASS #0: SanyParser
2026-05-02T04:29:15,330 [zio-default-async-5] DEBUG a.f.a.i.p.PassChainExecutor - PASS #0: SanyParser [OK]
2026-05-02T04:29:15,331 [zio-default-async-5] INFO  a.f.a.i.p.PassChainExecutor - PASS #1: TypeCheckerSnowcat
2026-05-02T04:29:15,331 [zio-default-async-5] INFO  a.f.a.t.p.t.EtcTypeCheckerPassImpl -  > Running Snowcat .::.
2026-05-02T04:29:15,514 [zio-default-async-5] INFO  a.f.a.t.p.t.EtcTypeCheckerPassImpl -  > Your types are purrfect!
2026-05-02T04:29:15,515 [zio-default-async-5] INFO  a.f.a.t.p.t.EtcTypeCheckerPassImpl -  > All expressions are typed
2026-05-02T04:29:15,515 [zio-default-async-5] DEBUG a.f.a.i.p.PassChainExecutor - PASS #1: TypeCheckerSnowcat [OK]
2026-05-02T04:29:15,516 [zio-default-async-5] INFO  a.f.a.i.p.PassChainExecutor - PASS #2: ConfigurationPass
2026-05-02T04:29:15,521 [zio-default-async-5] INFO  a.f.a.t.p.p.ConfigurationPassImpl -   > Set the initialization predicate to q::init
2026-05-02T04:29:15,522 [zio-default-async-5] INFO  a.f.a.t.p.p.ConfigurationPassImpl -   > Set the transition predicate to q::step
2026-05-02T04:29:15,523 [zio-default-async-5] INFO  a.f.a.t.p.p.ConfigurationPassImpl -   > Set an invariant to q::inv
2026-05-02T04:29:15,529 [zio-default-async-5] DEBUG a.f.a.i.p.PassChainExecutor - PASS #2: ConfigurationPass [OK]
2026-05-02T04:29:15,529 [zio-default-async-5] INFO  a.f.a.i.p.PassChainExecutor - PASS #3: DesugarerPass
2026-05-02T04:29:15,530 [zio-default-async-5] INFO  a.f.a.t.p.p.DesugarerPassImpl -   > Desugaring...
2026-05-02T04:29:15,537 [zio-default-async-5] DEBUG a.f.a.i.p.PassChainExecutor - PASS #3: DesugarerPass [OK]
2026-05-02T04:29:15,538 [zio-default-async-5] INFO  a.f.a.i.p.PassChainExecutor - PASS #4: InlinePass
2026-05-02T04:29:15,539 [zio-default-async-5] INFO  a.f.a.t.p.p.InlinePassImpl - Leaving only relevant operators: CInitPrimed, q::init, q::initPrimed, q::inv, q::step
2026-05-02T04:29:15,576 [zio-default-async-5] DEBUG a.f.a.i.p.PassChainExecutor - PASS #4: InlinePass [OK]
2026-05-02T04:29:15,577 [zio-default-async-5] INFO  a.f.a.i.p.PassChainExecutor - PASS #5: TemporalPass
2026-05-02T04:29:15,577 [zio-default-async-5] INFO  a.f.a.t.p.p.TemporalPassImpl -   > Rewriting temporal operators...
2026-05-02T04:29:15,577 [zio-default-async-5] INFO  a.f.a.t.p.p.TemporalPassImpl -   > No temporal property specified, nothing to encode
2026-05-02T04:29:15,578 [zio-default-async-5] DEBUG a.f.a.i.p.PassChainExecutor - PASS #5: TemporalPass [OK]
2026-05-02T04:29:15,578 [zio-default-async-5] INFO  a.f.a.i.p.PassChainExecutor - PASS #6: InlinePass
2026-05-02T04:29:15,578 [zio-default-async-5] INFO  a.f.a.t.p.p.InlinePassImpl - Leaving only relevant operators: CInitPrimed, q::init, q::initPrimed, q::inv, q::step
2026-05-02T04:29:15,584 [zio-default-async-5] DEBUG a.f.a.i.p.PassChainExecutor - PASS #6: InlinePass [OK]
2026-05-02T04:29:15,584 [zio-default-async-5] INFO  a.f.a.i.p.PassChainExecutor - PASS #7: PrimingPass
2026-05-02T04:29:15,589 [zio-default-async-5] INFO  a.f.a.t.p.a.PrimingPassImpl -   > Introducing q::initPrimed for q::init'
2026-05-02T04:29:15,590 [zio-default-async-5] DEBUG a.f.a.i.p.PassChainExecutor - PASS #7: PrimingPass [OK]
2026-05-02T04:29:15,591 [zio-default-async-5] INFO  a.f.a.i.p.PassChainExecutor - PASS #8: VCGen
2026-05-02T04:29:15,592 [zio-default-async-5] INFO  a.f.a.t.b.p.VCGenPassImpl -   > Producing verification conditions from the invariant q::inv
2026-05-02T04:29:15,600 [zio-default-async-5] INFO  a.f.a.t.b.VCGenerator -   > VCGen produced 1 verification condition(s)
2026-05-02T04:29:15,625 [zio-default-async-5] DEBUG a.f.a.i.p.PassChainExecutor - PASS #8: VCGen [OK]
2026-05-02T04:29:15,626 [zio-default-async-5] INFO  a.f.a.i.p.PassChainExecutor - PASS #9: PreprocessingPass
2026-05-02T04:29:15,626 [zio-default-async-5] INFO  a.f.a.t.p.p.PreproPassImpl -   > Before preprocessing: unique renaming
2026-05-02T04:29:15,641 [zio-default-async-5] INFO  a.f.a.t.p.p.PreproPassImpl -  > Applying standard transformations:
2026-05-02T04:29:15,642 [zio-default-async-5] INFO  a.f.a.t.p.p.PreproPassImpl -   > PrimePropagation
2026-05-02T04:29:15,644 [zio-default-async-5] INFO  a.f.a.t.p.p.PreproPassImpl -   > Desugarer
2026-05-02T04:29:15,645 [zio-default-async-5] INFO  a.f.a.t.p.p.PreproPassImpl -   > UniqueRenamer
2026-05-02T04:29:15,649 [zio-default-async-5] INFO  a.f.a.t.p.p.PreproPassImpl -   > Normalizer
2026-05-02T04:29:15,652 [zio-default-async-5] INFO  a.f.a.t.p.p.PreproPassImpl -   > Keramelizer
2026-05-02T04:29:15,656 [zio-default-async-5] INFO  a.f.a.t.p.p.PreproPassImpl -   > After preprocessing: UniqueRenamer
2026-05-02T04:29:15,659 [zio-default-async-5] DEBUG a.f.a.i.p.PassChainExecutor - PASS #9: PreprocessingPass [OK]
2026-05-02T04:29:15,659 [zio-default-async-5] INFO  a.f.a.i.p.PassChainExecutor - PASS #10: TransitionFinderPass
2026-05-02T04:29:15,680 [zio-default-async-5] INFO  a.f.a.t.p.a.TransitionPassImpl -   > Found 1 initializing transitions
2026-05-02T04:29:15,688 [zio-default-async-5] INFO  a.f.a.t.p.a.TransitionPassImpl -   > Found 3 transitions
2026-05-02T04:29:15,689 [zio-default-async-5] INFO  a.f.a.t.p.a.TransitionPassImpl -   > No constant initializer
2026-05-02T04:29:15,692 [zio-default-async-5] INFO  a.f.a.t.p.a.TransitionPassImpl -   > Applying unique renaming
2026-05-02T04:29:15,695 [zio-default-async-5] DEBUG a.f.a.i.p.PassChainExecutor - PASS #10: TransitionFinderPass [OK]
2026-05-02T04:29:15,696 [zio-default-async-5] INFO  a.f.a.i.p.PassChainExecutor - PASS #11: OptimizationPass
2026-05-02T04:29:15,710 [zio-default-async-5] INFO  a.f.a.t.p.p.OptPassImpl -  > Applying optimizations:
2026-05-02T04:29:15,711 [zio-default-async-5] INFO  a.f.a.t.p.p.OptPassImpl -   > ConstSimplifier
2026-05-02T04:29:15,715 [zio-default-async-5] INFO  a.f.a.t.p.p.OptPassImpl -   > ExprOptimizer
2026-05-02T04:29:15,717 [zio-default-async-5] INFO  a.f.a.t.p.p.OptPassImpl -   > SetMembershipSimplifier
2026-05-02T04:29:15,718 [zio-default-async-5] INFO  a.f.a.t.p.p.OptPassImpl -   > ConstSimplifier
2026-05-02T04:29:15,720 [zio-default-async-5] DEBUG a.f.a.i.p.PassChainExecutor - PASS #11: OptimizationPass [OK]
2026-05-02T04:29:15,721 [zio-default-async-5] INFO  a.f.a.i.p.PassChainExecutor - PASS #12: AnalysisPass
2026-05-02T04:29:15,725 [zio-default-async-5] INFO  a.f.a.t.b.p.AnalysisPassImpl -  > Marking skolemizable existentials and sets to be expanded...
2026-05-02T04:29:15,726 [zio-default-async-5] INFO  a.f.a.t.b.p.AnalysisPassImpl -   > Skolemization
2026-05-02T04:29:15,728 [zio-default-async-5] INFO  a.f.a.t.b.p.AnalysisPassImpl -   > Expansion
2026-05-02T04:29:15,729 [zio-default-async-5] INFO  a.f.a.t.b.p.AnalysisPassImpl -   > Remove unused let-in defs
2026-05-02T04:29:15,733 [zio-default-async-5] INFO  a.f.a.t.b.p.AnalysisPassImpl -  > Running analyzers...
2026-05-02T04:29:15,737 [zio-default-async-5] INFO  a.f.a.t.b.p.AnalysisPassImpl -   > Introduced expression grades
2026-05-02T04:29:15,737 [zio-default-async-5] DEBUG a.f.a.i.p.PassChainExecutor - PASS #12: AnalysisPass [OK]
2026-05-02T04:29:15,737 [zio-default-async-5] INFO  a.f.a.i.p.PassChainExecutor - PASS #13: BoundedChecker
2026-05-02T04:29:15,772 [zio-default-async-5] DEBUG a.f.a.t.b.s.Z3SolverContext - Creating Z3 solver context 0
2026-05-02T04:29:16,287 [zio-default-async-5] DEBUG a.f.a.t.b.t.TransitionExecutorImpl - Step #0, transition #0
2026-05-02T04:29:16,288 [zio-default-async-5] DEBUG a.f.a.t.b.t.TransitionExecutorImpl - Translating to SMT
2026-05-02T04:29:16,349 [zio-default-async-5] DEBUG a.f.a.t.b.SeqModelChecker - Step 0: Transition #0. Is it enabled?
2026-05-02T04:29:16,352 [zio-default-async-5] DEBUG a.f.a.t.b.SeqModelChecker - Step 0: Transition #0 is enabled
2026-05-02T04:29:16,353 [zio-default-async-5] INFO  a.f.a.t.b.SeqModelChecker - State 0: Checking 1 state invariants
2026-05-02T04:29:16,354 [zio-default-async-5] DEBUG a.f.a.t.b.SeqModelChecker - State 0: Checking state invariant 0
2026-05-02T04:29:16,368 [zio-default-async-5] INFO  a.f.a.t.b.SeqModelChecker - State 0: state invariant 0 holds.
2026-05-02T04:29:16,374 [zio-default-async-5] INFO  a.f.a.t.b.t.TransitionExecutorImpl - Step 0: picking a transition out of 1 transition(s)
2026-05-02T04:29:16,382 [zio-default-async-5] DEBUG a.f.a.t.b.t.TransitionExecutorImpl - Step #1, transition #0
2026-05-02T04:29:16,382 [zio-default-async-5] DEBUG a.f.a.t.b.t.TransitionExecutorImpl - Translating to SMT
2026-05-02T04:29:16,384 [zio-default-async-5] DEBUG a.f.a.t.b.SeqModelChecker - Step 1: Transition #0. Is it enabled?
2026-05-02T04:29:16,385 [zio-default-async-5] DEBUG a.f.a.t.b.SeqModelChecker - Step 1: Transition #0 is enabled
2026-05-02T04:29:16,386 [zio-default-async-5] DEBUG a.f.a.t.b.t.TransitionExecutorImpl - Step #1, transition #1
2026-05-02T04:29:16,386 [zio-default-async-5] DEBUG a.f.a.t.b.t.TransitionExecutorImpl - Translating to SMT
2026-05-02T04:29:16,389 [zio-default-async-5] DEBUG a.f.a.t.b.SeqModelChecker - Step 1: Transition #1. Is it enabled?
2026-05-02T04:29:16,389 [zio-default-async-5] DEBUG a.f.a.t.b.SeqModelChecker - Step 1: Transition #1 is enabled
2026-05-02T04:29:16,389 [zio-default-async-5] INFO  a.f.a.t.b.SeqModelChecker - State 1: Checking 1 state invariants
2026-05-02T04:29:16,389 [zio-default-async-5] DEBUG a.f.a.t.b.SeqModelChecker - State 1: Checking state invariant 0
2026-05-02T04:29:16,392 [zio-default-async-5] INFO  a.f.a.t.b.SeqModelChecker - State 1: state invariant 0 holds.
2026-05-02T04:29:16,393 [zio-default-async-5] DEBUG a.f.a.t.b.t.TransitionExecutorImpl - Step #1, transition #2
2026-05-02T04:29:16,393 [zio-default-async-5] DEBUG a.f.a.t.b.t.TransitionExecutorImpl - Translating to SMT
2026-05-02T04:29:16,394 [zio-default-async-5] DEBUG a.f.a.t.b.SeqModelChecker - Step 1: Transition #2. Is it enabled?
2026-05-02T04:29:16,395 [zio-default-async-5] DEBUG a.f.a.t.b.SeqModelChecker - Step 1: Transition #2 is enabled
2026-05-02T04:29:16,395 [zio-default-async-5] INFO  a.f.a.t.b.t.TransitionExecutorImpl - Step 1: picking a transition out of 3 transition(s)
2026-05-02T04:29:16,412 [zio-default-async-5] DEBUG a.f.a.t.b.t.TransitionExecutorImpl - Step #2, transition #0
2026-05-02T04:29:16,412 [zio-default-async-5] DEBUG a.f.a.t.b.t.TransitionExecutorImpl - Translating to SMT
2026-05-02T04:29:16,414 [zio-default-async-5] DEBUG a.f.a.t.b.SeqModelChecker - Step 2: Transition #0. Is it enabled?
2026-05-02T04:29:16,415 [zio-default-async-5] DEBUG a.f.a.t.b.SeqModelChecker - Step 2: Transition #0 is enabled
2026-05-02T04:29:16,415 [zio-default-async-5] INFO  a.f.a.t.b.SeqModelChecker - State 2: Checking 1 state invariants
2026-05-02T04:29:16,415 [zio-default-async-5] DEBUG a.f.a.t.b.SeqModelChecker - State 2: Checking state invariant 0
2026-05-02T04:29:16,419 [zio-default-async-5] INFO  a.f.a.t.b.SeqModelChecker - State 2: state invariant 0 holds.
2026-05-02T04:29:16,420 [zio-default-async-5] DEBUG a.f.a.t.b.t.TransitionExecutorImpl - Step #2, transition #1
2026-05-02T04:29:16,420 [zio-default-async-5] DEBUG a.f.a.t.b.t.TransitionExecutorImpl - Translating to SMT
2026-05-02T04:29:16,421 [zio-default-async-5] DEBUG a.f.a.t.b.SeqModelChecker - Step 2: Transition #1. Is it enabled?
2026-05-02T04:29:16,422 [zio-default-async-5] DEBUG a.f.a.t.b.SeqModelChecker - Step 2: Transition #1 is enabled
2026-05-02T04:29:16,422 [zio-default-async-5] INFO  a.f.a.t.b.SeqModelChecker - State 2: Checking 1 state invariants
2026-05-02T04:29:16,422 [zio-default-async-5] DEBUG a.f.a.t.b.SeqModelChecker - State 2: Checking state invariant 0
2026-05-02T04:29:16,425 [zio-default-async-5] INFO  a.f.a.t.b.SeqModelChecker - State 2: state invariant 0 holds.
2026-05-02T04:29:16,426 [zio-default-async-5] DEBUG a.f.a.t.b.t.TransitionExecutorImpl - Step #2, transition #2
2026-05-02T04:29:16,426 [zio-default-async-5] DEBUG a.f.a.t.b.t.TransitionExecutorImpl - Translating to SMT
2026-05-02T04:29:16,428 [zio-default-async-5] DEBUG a.f.a.t.b.SeqModelChecker - Step 2: Transition #2. Is it enabled?
2026-05-02T04:29:16,429 [zio-default-async-5] DEBUG a.f.a.t.b.SeqModelChecker - Step 2: Transition #2 is enabled
2026-05-02T04:29:16,430 [zio-default-async-5] INFO  a.f.a.t.b.t.TransitionExecutorImpl - Step 2: picking a transition out of 3 transition(s)
2026-05-02T04:29:16,437 [zio-default-async-5] DEBUG a.f.a.t.b.t.TransitionExecutorImpl - Step #3, transition #0
2026-05-02T04:29:16,437 [zio-default-async-5] DEBUG a.f.a.t.b.t.TransitionExecutorImpl - Translating to SMT
2026-05-02T04:29:16,439 [zio-default-async-5] DEBUG a.f.a.t.b.SeqModelChecker - Step 3: Transition #0. Is it enabled?
2026-05-02T04:29:16,439 [zio-default-async-5] DEBUG a.f.a.t.b.SeqModelChecker - Step 3: Transition #0 is enabled
2026-05-02T04:29:16,440 [zio-default-async-5] INFO  a.f.a.t.b.SeqModelChecker - State 3: Checking 1 state invariants
2026-05-02T04:29:16,440 [zio-default-async-5] DEBUG a.f.a.t.b.SeqModelChecker - State 3: Checking state invariant 0
2026-05-02T04:29:16,442 [zio-default-async-5] INFO  a.f.a.t.b.SeqModelChecker - State 3: state invariant 0 holds.
2026-05-02T04:29:16,443 [zio-default-async-5] DEBUG a.f.a.t.b.t.TransitionExecutorImpl - Step #3, transition #1
2026-05-02T04:29:16,443 [zio-default-async-5] DEBUG a.f.a.t.b.t.TransitionExecutorImpl - Translating to SMT
2026-05-02T04:29:16,444 [zio-default-async-5] DEBUG a.f.a.t.b.SeqModelChecker - Step 3: Transition #1. Is it enabled?
2026-05-02T04:29:16,445 [zio-default-async-5] DEBUG a.f.a.t.b.SeqModelChecker - Step 3: Transition #1 is enabled
2026-05-02T04:29:16,445 [zio-default-async-5] INFO  a.f.a.t.b.SeqModelChecker - State 3: Checking 1 state invariants
2026-05-02T04:29:16,445 [zio-default-async-5] DEBUG a.f.a.t.b.SeqModelChecker - State 3: Checking state invariant 0
2026-05-02T04:29:16,448 [zio-default-async-5] INFO  a.f.a.t.b.SeqModelChecker - State 3: state invariant 0 holds.
2026-05-02T04:29:16,449 [zio-default-async-5] DEBUG a.f.a.t.b.t.TransitionExecutorImpl - Step #3, transition #2
2026-05-02T04:29:16,449 [zio-default-async-5] DEBUG a.f.a.t.b.t.TransitionExecutorImpl - Translating to SMT
2026-05-02T04:29:16,450 [zio-default-async-5] DEBUG a.f.a.t.b.SeqModelChecker - Step 3: Transition #2. Is it enabled?
2026-05-02T04:29:16,450 [zio-default-async-5] DEBUG a.f.a.t.b.SeqModelChecker - Step 3: Transition #2 is enabled
2026-05-02T04:29:16,451 [zio-default-async-5] INFO  a.f.a.t.b.t.TransitionExecutorImpl - Step 3: picking a transition out of 3 transition(s)
2026-05-02T04:29:16,457 [zio-default-async-5] DEBUG a.f.a.t.b.t.TransitionExecutorImpl - Step #4, transition #0
2026-05-02T04:29:16,457 [zio-default-async-5] DEBUG a.f.a.t.b.t.TransitionExecutorImpl - Translating to SMT
2026-05-02T04:29:16,459 [zio-default-async-5] DEBUG a.f.a.t.b.SeqModelChecker - Step 4: Transition #0. Is it enabled?
2026-05-02T04:29:16,459 [zio-default-async-5] DEBUG a.f.a.t.b.SeqModelChecker - Step 4: Transition #0 is enabled
2026-05-02T04:29:16,463 [zio-default-async-5] INFO  a.f.a.t.b.SeqModelChecker - State 4: Checking 1 state invariants
2026-05-02T04:29:16,463 [zio-default-async-5] DEBUG a.f.a.t.b.SeqModelChecker - State 4: Checking state invariant 0
2026-05-02T04:29:16,466 [zio-default-async-5] INFO  a.f.a.t.b.SeqModelChecker - State 4: state invariant 0 holds.
2026-05-02T04:29:16,467 [zio-default-async-5] DEBUG a.f.a.t.b.t.TransitionExecutorImpl - Step #4, transition #1
2026-05-02T04:29:16,467 [zio-default-async-5] DEBUG a.f.a.t.b.t.TransitionExecutorImpl - Translating to SMT
2026-05-02T04:29:16,468 [zio-default-async-5] DEBUG a.f.a.t.b.SeqModelChecker - Step 4: Transition #1. Is it enabled?
2026-05-02T04:29:16,469 [zio-default-async-5] DEBUG a.f.a.t.b.SeqModelChecker - Step 4: Transition #1 is enabled
2026-05-02T04:29:16,469 [zio-default-async-5] INFO  a.f.a.t.b.SeqModelChecker - State 4: Checking 1 state invariants
2026-05-02T04:29:16,469 [zio-default-async-5] DEBUG a.f.a.t.b.SeqModelChecker - State 4: Checking state invariant 0
2026-05-02T04:29:16,471 [zio-default-async-5] INFO  a.f.a.t.b.SeqModelChecker - State 4: state invariant 0 holds.
2026-05-02T04:29:16,472 [zio-default-async-5] DEBUG a.f.a.t.b.t.TransitionExecutorImpl - Step #4, transition #2
2026-05-02T04:29:16,472 [zio-default-async-5] DEBUG a.f.a.t.b.t.TransitionExecutorImpl - Translating to SMT
2026-05-02T04:29:16,473 [zio-default-async-5] DEBUG a.f.a.t.b.SeqModelChecker - Step 4: Transition #2. Is it enabled?
2026-05-02T04:29:16,473 [zio-default-async-5] DEBUG a.f.a.t.b.SeqModelChecker - Step 4: Transition #2 is enabled
2026-05-02T04:29:16,474 [zio-default-async-5] INFO  a.f.a.t.b.t.TransitionExecutorImpl - Step 4: picking a transition out of 3 transition(s)
2026-05-02T04:29:16,478 [zio-default-async-5] DEBUG a.f.a.t.b.t.TransitionExecutorImpl - Step #5, transition #0
2026-05-02T04:29:16,478 [zio-default-async-5] DEBUG a.f.a.t.b.t.TransitionExecutorImpl - Translating to SMT
2026-05-02T04:29:16,479 [zio-default-async-5] DEBUG a.f.a.t.b.SeqModelChecker - Step 5: Transition #0. Is it enabled?
2026-05-02T04:29:16,480 [zio-default-async-5] DEBUG a.f.a.t.b.SeqModelChecker - Step 5: Transition #0 is enabled
2026-05-02T04:29:16,480 [zio-default-async-5] INFO  a.f.a.t.b.SeqModelChecker - State 5: Checking 1 state invariants
2026-05-02T04:29:16,480 [zio-default-async-5] DEBUG a.f.a.t.b.SeqModelChecker - State 5: Checking state invariant 0
2026-05-02T04:29:16,482 [zio-default-async-5] INFO  a.f.a.t.b.SeqModelChecker - State 5: state invariant 0 holds.
2026-05-02T04:29:16,483 [zio-default-async-5] DEBUG a.f.a.t.b.t.TransitionExecutorImpl - Step #5, transition #1
2026-05-02T04:29:16,483 [zio-default-async-5] DEBUG a.f.a.t.b.t.TransitionExecutorImpl - Translating to SMT
2026-05-02T04:29:16,484 [zio-default-async-5] DEBUG a.f.a.t.b.SeqModelChecker - Step 5: Transition #1. Is it enabled?
2026-05-02T04:29:16,484 [zio-default-async-5] DEBUG a.f.a.t.b.SeqModelChecker - Step 5: Transition #1 is enabled
2026-05-02T04:29:16,484 [zio-default-async-5] INFO  a.f.a.t.b.SeqModelChecker - State 5: Checking 1 state invariants
2026-05-02T04:29:16,484 [zio-default-async-5] DEBUG a.f.a.t.b.SeqModelChecker - State 5: Checking state invariant 0
2026-05-02T04:29:16,486 [zio-default-async-5] INFO  a.f.a.t.b.SeqModelChecker - State 5: state invariant 0 holds.
2026-05-02T04:29:16,487 [zio-default-async-5] DEBUG a.f.a.t.b.t.TransitionExecutorImpl - Step #5, transition #2
2026-05-02T04:29:16,487 [zio-default-async-5] DEBUG a.f.a.t.b.t.TransitionExecutorImpl - Translating to SMT
2026-05-02T04:29:16,488 [zio-default-async-5] DEBUG a.f.a.t.b.SeqModelChecker - Step 5: Transition #2. Is it enabled?
2026-05-02T04:29:16,488 [zio-default-async-5] DEBUG a.f.a.t.b.SeqModelChecker - Step 5: Transition #2 is enabled
2026-05-02T04:29:16,488 [zio-default-async-5] INFO  a.f.a.t.b.t.TransitionExecutorImpl - Step 5: picking a transition out of 3 transition(s)
2026-05-02T04:29:16,493 [zio-default-async-5] DEBUG a.f.a.t.b.t.TransitionExecutorImpl - Step #6, transition #0
2026-05-02T04:29:16,493 [zio-default-async-5] DEBUG a.f.a.t.b.t.TransitionExecutorImpl - Translating to SMT
2026-05-02T04:29:16,494 [zio-default-async-5] DEBUG a.f.a.t.b.SeqModelChecker - Step 6: Transition #0. Is it enabled?
2026-05-02T04:29:16,495 [zio-default-async-5] DEBUG a.f.a.t.b.SeqModelChecker - Step 6: Transition #0 is enabled
2026-05-02T04:29:16,495 [zio-default-async-5] INFO  a.f.a.t.b.SeqModelChecker - State 6: Checking 1 state invariants
2026-05-02T04:29:16,495 [zio-default-async-5] DEBUG a.f.a.t.b.SeqModelChecker - State 6: Checking state invariant 0
2026-05-02T04:29:16,497 [zio-default-async-5] INFO  a.f.a.t.b.SeqModelChecker - State 6: state invariant 0 holds.
2026-05-02T04:29:16,498 [zio-default-async-5] DEBUG a.f.a.t.b.t.TransitionExecutorImpl - Step #6, transition #1
2026-05-02T04:29:16,498 [zio-default-async-5] DEBUG a.f.a.t.b.t.TransitionExecutorImpl - Translating to SMT
2026-05-02T04:29:16,499 [zio-default-async-5] DEBUG a.f.a.t.b.SeqModelChecker - Step 6: Transition #1. Is it enabled?
2026-05-02T04:29:16,499 [zio-default-async-5] DEBUG a.f.a.t.b.SeqModelChecker - Step 6: Transition #1 is enabled
2026-05-02T04:29:16,500 [zio-default-async-5] INFO  a.f.a.t.b.SeqModelChecker - State 6: Checking 1 state invariants
2026-05-02T04:29:16,500 [zio-default-async-5] DEBUG a.f.a.t.b.SeqModelChecker - State 6: Checking state invariant 0
2026-05-02T04:29:16,502 [zio-default-async-5] INFO  a.f.a.t.b.SeqModelChecker - State 6: state invariant 0 holds.
2026-05-02T04:29:16,502 [zio-default-async-5] DEBUG a.f.a.t.b.t.TransitionExecutorImpl - Step #6, transition #2
2026-05-02T04:29:16,502 [zio-default-async-5] DEBUG a.f.a.t.b.t.TransitionExecutorImpl - Translating to SMT
2026-05-02T04:29:16,503 [zio-default-async-5] DEBUG a.f.a.t.b.SeqModelChecker - Step 6: Transition #2. Is it enabled?
2026-05-02T04:29:16,504 [zio-default-async-5] DEBUG a.f.a.t.b.SeqModelChecker - Step 6: Transition #2 is enabled
2026-05-02T04:29:16,504 [zio-default-async-5] INFO  a.f.a.t.b.t.TransitionExecutorImpl - Step 6: picking a transition out of 3 transition(s)
2026-05-02T04:29:16,509 [zio-default-async-5] DEBUG a.f.a.t.b.t.TransitionExecutorImpl - Step #7, transition #0
2026-05-02T04:29:16,509 [zio-default-async-5] DEBUG a.f.a.t.b.t.TransitionExecutorImpl - Translating to SMT
2026-05-02T04:29:16,510 [zio-default-async-5] DEBUG a.f.a.t.b.SeqModelChecker - Step 7: Transition #0. Is it enabled?
2026-05-02T04:29:16,511 [zio-default-async-5] DEBUG a.f.a.t.b.SeqModelChecker - Step 7: Transition #0 is enabled
2026-05-02T04:29:16,511 [zio-default-async-5] INFO  a.f.a.t.b.SeqModelChecker - State 7: Checking 1 state invariants
2026-05-02T04:29:16,511 [zio-default-async-5] DEBUG a.f.a.t.b.SeqModelChecker - State 7: Checking state invariant 0
2026-05-02T04:29:16,514 [zio-default-async-5] INFO  a.f.a.t.b.SeqModelChecker - State 7: state invariant 0 holds.
2026-05-02T04:29:16,515 [zio-default-async-5] DEBUG a.f.a.t.b.t.TransitionExecutorImpl - Step #7, transition #1
2026-05-02T04:29:16,515 [zio-default-async-5] DEBUG a.f.a.t.b.t.TransitionExecutorImpl - Translating to SMT
2026-05-02T04:29:16,516 [zio-default-async-5] DEBUG a.f.a.t.b.SeqModelChecker - Step 7: Transition #1. Is it enabled?
2026-05-02T04:29:16,517 [zio-default-async-5] DEBUG a.f.a.t.b.SeqModelChecker - Step 7: Transition #1 is enabled
2026-05-02T04:29:16,517 [zio-default-async-5] INFO  a.f.a.t.b.SeqModelChecker - State 7: Checking 1 state invariants
2026-05-02T04:29:16,517 [zio-default-async-5] DEBUG a.f.a.t.b.SeqModelChecker - State 7: Checking state invariant 0
2026-05-02T04:29:16,520 [zio-default-async-5] INFO  a.f.a.t.b.SeqModelChecker - State 7: state invariant 0 holds.
2026-05-02T04:29:16,521 [zio-default-async-5] DEBUG a.f.a.t.b.t.TransitionExecutorImpl - Step #7, transition #2
2026-05-02T04:29:16,521 [zio-default-async-5] DEBUG a.f.a.t.b.t.TransitionExecutorImpl - Translating to SMT
2026-05-02T04:29:16,522 [zio-default-async-5] DEBUG a.f.a.t.b.SeqModelChecker - Step 7: Transition #2. Is it enabled?
2026-05-02T04:29:16,523 [zio-default-async-5] DEBUG a.f.a.t.b.SeqModelChecker - Step 7: Transition #2 is enabled
2026-05-02T04:29:16,523 [zio-default-async-5] INFO  a.f.a.t.b.t.TransitionExecutorImpl - Step 7: picking a transition out of 3 transition(s)
2026-05-02T04:29:16,527 [zio-default-async-5] DEBUG a.f.a.t.b.t.TransitionExecutorImpl - Step #8, transition #0
2026-05-02T04:29:16,527 [zio-default-async-5] DEBUG a.f.a.t.b.t.TransitionExecutorImpl - Translating to SMT
2026-05-02T04:29:16,528 [zio-default-async-5] DEBUG a.f.a.t.b.SeqModelChecker - Step 8: Transition #0. Is it enabled?
2026-05-02T04:29:16,528 [zio-default-async-5] DEBUG a.f.a.t.b.SeqModelChecker - Step 8: Transition #0 is enabled
2026-05-02T04:29:16,529 [zio-default-async-5] INFO  a.f.a.t.b.SeqModelChecker - State 8: Checking 1 state invariants
2026-05-02T04:29:16,529 [zio-default-async-5] DEBUG a.f.a.t.b.SeqModelChecker - State 8: Checking state invariant 0
2026-05-02T04:29:16,531 [zio-default-async-5] INFO  a.f.a.t.b.SeqModelChecker - State 8: state invariant 0 holds.
2026-05-02T04:29:16,531 [zio-default-async-5] DEBUG a.f.a.t.b.t.TransitionExecutorImpl - Step #8, transition #1
2026-05-02T04:29:16,531 [zio-default-async-5] DEBUG a.f.a.t.b.t.TransitionExecutorImpl - Translating to SMT
2026-05-02T04:29:16,532 [zio-default-async-5] DEBUG a.f.a.t.b.SeqModelChecker - Step 8: Transition #1. Is it enabled?
2026-05-02T04:29:16,533 [zio-default-async-5] DEBUG a.f.a.t.b.SeqModelChecker - Step 8: Transition #1 is enabled
2026-05-02T04:29:16,533 [zio-default-async-5] INFO  a.f.a.t.b.SeqModelChecker - State 8: Checking 1 state invariants
2026-05-02T04:29:16,533 [zio-default-async-5] DEBUG a.f.a.t.b.SeqModelChecker - State 8: Checking state invariant 0
2026-05-02T04:29:16,535 [zio-default-async-5] INFO  a.f.a.t.b.SeqModelChecker - State 8: state invariant 0 holds.
2026-05-02T04:29:16,535 [zio-default-async-5] DEBUG a.f.a.t.b.t.TransitionExecutorImpl - Step #8, transition #2
2026-05-02T04:29:16,535 [zio-default-async-5] DEBUG a.f.a.t.b.t.TransitionExecutorImpl - Translating to SMT
2026-05-02T04:29:16,536 [zio-default-async-5] DEBUG a.f.a.t.b.SeqModelChecker - Step 8: Transition #2. Is it enabled?
2026-05-02T04:29:16,537 [zio-default-async-5] DEBUG a.f.a.t.b.SeqModelChecker - Step 8: Transition #2 is enabled
2026-05-02T04:29:16,537 [zio-default-async-5] INFO  a.f.a.t.b.t.TransitionExecutorImpl - Step 8: picking a transition out of 3 transition(s)
2026-05-02T04:29:16,542 [zio-default-async-5] DEBUG a.f.a.t.b.t.TransitionExecutorImpl - Step #9, transition #0
2026-05-02T04:29:16,543 [zio-default-async-5] DEBUG a.f.a.t.b.t.TransitionExecutorImpl - Translating to SMT
2026-05-02T04:29:16,544 [zio-default-async-5] DEBUG a.f.a.t.b.SeqModelChecker - Step 9: Transition #0. Is it enabled?
2026-05-02T04:29:16,544 [zio-default-async-5] DEBUG a.f.a.t.b.SeqModelChecker - Step 9: Transition #0 is enabled
2026-05-02T04:29:16,545 [zio-default-async-5] INFO  a.f.a.t.b.SeqModelChecker - State 9: Checking 1 state invariants
2026-05-02T04:29:16,545 [zio-default-async-5] DEBUG a.f.a.t.b.SeqModelChecker - State 9: Checking state invariant 0
2026-05-02T04:29:16,547 [zio-default-async-5] INFO  a.f.a.t.b.SeqModelChecker - State 9: state invariant 0 holds.
2026-05-02T04:29:16,548 [zio-default-async-5] DEBUG a.f.a.t.b.t.TransitionExecutorImpl - Step #9, transition #1
2026-05-02T04:29:16,548 [zio-default-async-5] DEBUG a.f.a.t.b.t.TransitionExecutorImpl - Translating to SMT
2026-05-02T04:29:16,550 [zio-default-async-5] DEBUG a.f.a.t.b.SeqModelChecker - Step 9: Transition #1. Is it enabled?
2026-05-02T04:29:16,550 [zio-default-async-5] DEBUG a.f.a.t.b.SeqModelChecker - Step 9: Transition #1 is enabled
2026-05-02T04:29:16,551 [zio-default-async-5] INFO  a.f.a.t.b.SeqModelChecker - State 9: Checking 1 state invariants
2026-05-02T04:29:16,551 [zio-default-async-5] DEBUG a.f.a.t.b.SeqModelChecker - State 9: Checking state invariant 0
2026-05-02T04:29:16,553 [zio-default-async-5] INFO  a.f.a.t.b.SeqModelChecker - State 9: state invariant 0 holds.
2026-05-02T04:29:16,553 [zio-default-async-5] DEBUG a.f.a.t.b.t.TransitionExecutorImpl - Step #9, transition #2
2026-05-02T04:29:16,554 [zio-default-async-5] DEBUG a.f.a.t.b.t.TransitionExecutorImpl - Translating to SMT
2026-05-02T04:29:16,555 [zio-default-async-5] DEBUG a.f.a.t.b.SeqModelChecker - Step 9: Transition #2. Is it enabled?
2026-05-02T04:29:16,555 [zio-default-async-5] DEBUG a.f.a.t.b.SeqModelChecker - Step 9: Transition #2 is enabled
2026-05-02T04:29:16,556 [zio-default-async-5] INFO  a.f.a.t.b.t.TransitionExecutorImpl - Step 9: picking a transition out of 3 transition(s)
2026-05-02T04:29:16,560 [zio-default-async-5] DEBUG a.f.a.t.b.t.TransitionExecutorImpl - Step #10, transition #0
2026-05-02T04:29:16,560 [zio-default-async-5] DEBUG a.f.a.t.b.t.TransitionExecutorImpl - Translating to SMT
2026-05-02T04:29:16,561 [zio-default-async-5] DEBUG a.f.a.t.b.SeqModelChecker - Step 10: Transition #0. Is it enabled?
2026-05-02T04:29:16,561 [zio-default-async-5] DEBUG a.f.a.t.b.SeqModelChecker - Step 10: Transition #0 is enabled
2026-05-02T04:29:16,561 [zio-default-async-5] INFO  a.f.a.t.b.SeqModelChecker - State 10: Checking 1 state invariants
2026-05-02T04:29:16,562 [zio-default-async-5] DEBUG a.f.a.t.b.SeqModelChecker - State 10: Checking state invariant 0
2026-05-02T04:29:16,564 [zio-default-async-5] INFO  a.f.a.t.b.SeqModelChecker - State 10: state invariant 0 holds.
2026-05-02T04:29:16,564 [zio-default-async-5] DEBUG a.f.a.t.b.t.TransitionExecutorImpl - Step #10, transition #1
2026-05-02T04:29:16,564 [zio-default-async-5] DEBUG a.f.a.t.b.t.TransitionExecutorImpl - Translating to SMT
2026-05-02T04:29:16,565 [zio-default-async-5] DEBUG a.f.a.t.b.SeqModelChecker - Step 10: Transition #1. Is it enabled?
2026-05-02T04:29:16,566 [zio-default-async-5] DEBUG a.f.a.t.b.SeqModelChecker - Step 10: Transition #1 is enabled
2026-05-02T04:29:16,566 [zio-default-async-5] INFO  a.f.a.t.b.SeqModelChecker - State 10: Checking 1 state invariants
2026-05-02T04:29:16,567 [zio-default-async-5] DEBUG a.f.a.t.b.SeqModelChecker - State 10: Checking state invariant 0
2026-05-02T04:29:16,569 [zio-default-async-5] INFO  a.f.a.t.b.SeqModelChecker - State 10: state invariant 0 holds.
2026-05-02T04:29:16,570 [zio-default-async-5] DEBUG a.f.a.t.b.t.TransitionExecutorImpl - Step #10, transition #2
2026-05-02T04:29:16,570 [zio-default-async-5] DEBUG a.f.a.t.b.t.TransitionExecutorImpl - Translating to SMT
2026-05-02T04:29:16,571 [zio-default-async-5] DEBUG a.f.a.t.b.SeqModelChecker - Step 10: Transition #2. Is it enabled?
2026-05-02T04:29:16,571 [zio-default-async-5] DEBUG a.f.a.t.b.SeqModelChecker - Step 10: Transition #2 is enabled
2026-05-02T04:29:16,572 [zio-default-async-5] INFO  a.f.a.t.b.t.TransitionExecutorImpl - Step 10: picking a transition out of 3 transition(s)
2026-05-02T04:29:16,577 [zio-default-async-5] DEBUG a.f.a.t.b.t.TransitionExecutorImpl - Step #11, transition #0
2026-05-02T04:29:16,578 [zio-default-async-5] DEBUG a.f.a.t.b.t.TransitionExecutorImpl - Translating to SMT
2026-05-02T04:29:16,579 [zio-default-async-5] DEBUG a.f.a.t.b.SeqModelChecker - Step 11: Transition #0. Is it enabled?
2026-05-02T04:29:16,579 [zio-default-async-5] DEBUG a.f.a.t.b.SeqModelChecker - Step 11: Transition #0 is enabled
2026-05-02T04:29:16,579 [zio-default-async-5] INFO  a.f.a.t.b.SeqModelChecker - State 11: Checking 1 state invariants
2026-05-02T04:29:16,580 [zio-default-async-5] DEBUG a.f.a.t.b.SeqModelChecker - State 11: Checking state invariant 0
2026-05-02T04:29:16,582 [zio-default-async-5] INFO  a.f.a.t.b.SeqModelChecker - State 11: state invariant 0 holds.
2026-05-02T04:29:16,583 [zio-default-async-5] DEBUG a.f.a.t.b.t.TransitionExecutorImpl - Step #11, transition #1
2026-05-02T04:29:16,583 [zio-default-async-5] DEBUG a.f.a.t.b.t.TransitionExecutorImpl - Translating to SMT
2026-05-02T04:29:16,583 [zio-default-async-5] DEBUG a.f.a.t.b.SeqModelChecker - Step 11: Transition #1. Is it enabled?
2026-05-02T04:29:16,584 [zio-default-async-5] DEBUG a.f.a.t.b.SeqModelChecker - Step 11: Transition #1 is enabled
2026-05-02T04:29:16,584 [zio-default-async-5] INFO  a.f.a.t.b.SeqModelChecker - State 11: Checking 1 state invariants
2026-05-02T04:29:16,584 [zio-default-async-5] DEBUG a.f.a.t.b.SeqModelChecker - State 11: Checking state invariant 0
2026-05-02T04:29:16,586 [zio-default-async-5] INFO  a.f.a.t.b.SeqModelChecker - State 11: state invariant 0 holds.
2026-05-02T04:29:16,587 [zio-default-async-5] DEBUG a.f.a.t.b.t.TransitionExecutorImpl - Step #11, transition #2
2026-05-02T04:29:16,587 [zio-default-async-5] DEBUG a.f.a.t.b.t.TransitionExecutorImpl - Translating to SMT
2026-05-02T04:29:16,587 [zio-default-async-5] DEBUG a.f.a.t.b.SeqModelChecker - Step 11: Transition #2. Is it enabled?
2026-05-02T04:29:16,588 [zio-default-async-5] DEBUG a.f.a.t.b.SeqModelChecker - Step 11: Transition #2 is enabled
2026-05-02T04:29:16,589 [zio-default-async-5] INFO  a.f.a.t.b.t.TransitionExecutorImpl - Step 11: picking a transition out of 3 transition(s)
2026-05-02T04:29:16,592 [zio-default-async-5] DEBUG a.f.a.t.b.t.TransitionExecutorImpl - Step #12, transition #0
2026-05-02T04:29:16,592 [zio-default-async-5] DEBUG a.f.a.t.b.t.TransitionExecutorImpl - Translating to SMT
2026-05-02T04:29:16,593 [zio-default-async-5] DEBUG a.f.a.t.b.SeqModelChecker - Step 12: Transition #0. Is it enabled?
2026-05-02T04:29:16,594 [zio-default-async-5] DEBUG a.f.a.t.b.SeqModelChecker - Step 12: Transition #0 is enabled
2026-05-02T04:29:16,594 [zio-default-async-5] INFO  a.f.a.t.b.SeqModelChecker - State 12: Checking 1 state invariants
2026-05-02T04:29:16,594 [zio-default-async-5] DEBUG a.f.a.t.b.SeqModelChecker - State 12: Checking state invariant 0
2026-05-02T04:29:16,597 [zio-default-async-5] INFO  a.f.a.t.b.SeqModelChecker - State 12: state invariant 0 holds.
2026-05-02T04:29:16,598 [zio-default-async-5] DEBUG a.f.a.t.b.t.TransitionExecutorImpl - Step #12, transition #1
2026-05-02T04:29:16,598 [zio-default-async-5] DEBUG a.f.a.t.b.t.TransitionExecutorImpl - Translating to SMT
2026-05-02T04:29:16,599 [zio-default-async-5] DEBUG a.f.a.t.b.SeqModelChecker - Step 12: Transition #1. Is it enabled?
2026-05-02T04:29:16,600 [zio-default-async-5] DEBUG a.f.a.t.b.SeqModelChecker - Step 12: Transition #1 is enabled
2026-05-02T04:29:16,600 [zio-default-async-5] INFO  a.f.a.t.b.SeqModelChecker - State 12: Checking 1 state invariants
2026-05-02T04:29:16,600 [zio-default-async-5] DEBUG a.f.a.t.b.SeqModelChecker - State 12: Checking state invariant 0
2026-05-02T04:29:16,602 [zio-default-async-5] INFO  a.f.a.t.b.SeqModelChecker - State 12: state invariant 0 holds.
2026-05-02T04:29:16,602 [zio-default-async-5] DEBUG a.f.a.t.b.t.TransitionExecutorImpl - Step #12, transition #2
2026-05-02T04:29:16,602 [zio-default-async-5] DEBUG a.f.a.t.b.t.TransitionExecutorImpl - Translating to SMT
2026-05-02T04:29:16,603 [zio-default-async-5] DEBUG a.f.a.t.b.SeqModelChecker - Step 12: Transition #2. Is it enabled?
2026-05-02T04:29:16,604 [zio-default-async-5] DEBUG a.f.a.t.b.SeqModelChecker - Step 12: Transition #2 is enabled
2026-05-02T04:29:16,604 [zio-default-async-5] INFO  a.f.a.t.b.t.TransitionExecutorImpl - Step 12: picking a transition out of 3 transition(s)
2026-05-02T04:29:16,608 [zio-default-async-5] DEBUG a.f.a.t.b.t.TransitionExecutorImpl - Step #13, transition #0
2026-05-02T04:29:16,608 [zio-default-async-5] DEBUG a.f.a.t.b.t.TransitionExecutorImpl - Translating to SMT
2026-05-02T04:29:16,609 [zio-default-async-5] DEBUG a.f.a.t.b.SeqModelChecker - Step 13: Transition #0. Is it enabled?
2026-05-02T04:29:16,609 [zio-default-async-5] DEBUG a.f.a.t.b.SeqModelChecker - Step 13: Transition #0 is enabled
2026-05-02T04:29:16,609 [zio-default-async-5] INFO  a.f.a.t.b.SeqModelChecker - State 13: Checking 1 state invariants
2026-05-02T04:29:16,610 [zio-default-async-5] DEBUG a.f.a.t.b.SeqModelChecker - State 13: Checking state invariant 0
2026-05-02T04:29:16,611 [zio-default-async-5] INFO  a.f.a.t.b.SeqModelChecker - State 13: state invariant 0 holds.
2026-05-02T04:29:16,612 [zio-default-async-5] DEBUG a.f.a.t.b.t.TransitionExecutorImpl - Step #13, transition #1
2026-05-02T04:29:16,612 [zio-default-async-5] DEBUG a.f.a.t.b.t.TransitionExecutorImpl - Translating to SMT
2026-05-02T04:29:16,613 [zio-default-async-5] DEBUG a.f.a.t.b.SeqModelChecker - Step 13: Transition #1. Is it enabled?
2026-05-02T04:29:16,614 [zio-default-async-5] DEBUG a.f.a.t.b.SeqModelChecker - Step 13: Transition #1 is enabled
2026-05-02T04:29:16,614 [zio-default-async-5] INFO  a.f.a.t.b.SeqModelChecker - State 13: Checking 1 state invariants
2026-05-02T04:29:16,614 [zio-default-async-5] DEBUG a.f.a.t.b.SeqModelChecker - State 13: Checking state invariant 0
2026-05-02T04:29:16,617 [zio-default-async-5] INFO  a.f.a.t.b.SeqModelChecker - State 13: state invariant 0 holds.
2026-05-02T04:29:16,618 [zio-default-async-5] DEBUG a.f.a.t.b.t.TransitionExecutorImpl - Step #13, transition #2
2026-05-02T04:29:16,618 [zio-default-async-5] DEBUG a.f.a.t.b.t.TransitionExecutorImpl - Translating to SMT
2026-05-02T04:29:16,619 [zio-default-async-5] DEBUG a.f.a.t.b.SeqModelChecker - Step 13: Transition #2. Is it enabled?
2026-05-02T04:29:16,619 [zio-default-async-5] DEBUG a.f.a.t.b.SeqModelChecker - Step 13: Transition #2 is enabled
2026-05-02T04:29:16,620 [zio-default-async-5] INFO  a.f.a.t.b.t.TransitionExecutorImpl - Step 13: picking a transition out of 3 transition(s)
2026-05-02T04:29:16,624 [zio-default-async-5] DEBUG a.f.a.t.b.t.TransitionExecutorImpl - Step #14, transition #0
2026-05-02T04:29:16,624 [zio-default-async-5] DEBUG a.f.a.t.b.t.TransitionExecutorImpl - Translating to SMT
2026-05-02T04:29:16,625 [zio-default-async-5] DEBUG a.f.a.t.b.SeqModelChecker - Step 14: Transition #0. Is it enabled?
2026-05-02T04:29:16,626 [zio-default-async-5] DEBUG a.f.a.t.b.SeqModelChecker - Step 14: Transition #0 is enabled
2026-05-02T04:29:16,626 [zio-default-async-5] INFO  a.f.a.t.b.SeqModelChecker - State 14: Checking 1 state invariants
2026-05-02T04:29:16,626 [zio-default-async-5] DEBUG a.f.a.t.b.SeqModelChecker - State 14: Checking state invariant 0
2026-05-02T04:29:16,628 [zio-default-async-5] INFO  a.f.a.t.b.SeqModelChecker - State 14: state invariant 0 holds.
2026-05-02T04:29:16,629 [zio-default-async-5] DEBUG a.f.a.t.b.t.TransitionExecutorImpl - Step #14, transition #1
2026-05-02T04:29:16,629 [zio-default-async-5] DEBUG a.f.a.t.b.t.TransitionExecutorImpl - Translating to SMT
2026-05-02T04:29:16,630 [zio-default-async-5] DEBUG a.f.a.t.b.SeqModelChecker - Step 14: Transition #1. Is it enabled?
2026-05-02T04:29:16,630 [zio-default-async-5] DEBUG a.f.a.t.b.SeqModelChecker - Step 14: Transition #1 is enabled
2026-05-02T04:29:16,630 [zio-default-async-5] INFO  a.f.a.t.b.SeqModelChecker - State 14: Checking 1 state invariants
2026-05-02T04:29:16,631 [zio-default-async-5] DEBUG a.f.a.t.b.SeqModelChecker - State 14: Checking state invariant 0
2026-05-02T04:29:16,632 [zio-default-async-5] INFO  a.f.a.t.b.SeqModelChecker - State 14: state invariant 0 holds.
2026-05-02T04:29:16,633 [zio-default-async-5] DEBUG a.f.a.t.b.t.TransitionExecutorImpl - Step #14, transition #2
2026-05-02T04:29:16,633 [zio-default-async-5] DEBUG a.f.a.t.b.t.TransitionExecutorImpl - Translating to SMT
2026-05-02T04:29:16,634 [zio-default-async-5] DEBUG a.f.a.t.b.SeqModelChecker - Step 14: Transition #2. Is it enabled?
2026-05-02T04:29:16,634 [zio-default-async-5] DEBUG a.f.a.t.b.SeqModelChecker - Step 14: Transition #2 is enabled
2026-05-02T04:29:16,635 [zio-default-async-5] INFO  a.f.a.t.b.t.TransitionExecutorImpl - Step 14: picking a transition out of 3 transition(s)
2026-05-02T04:29:16,638 [zio-default-async-5] DEBUG a.f.a.t.b.t.TransitionExecutorImpl - Step #15, transition #0
2026-05-02T04:29:16,638 [zio-default-async-5] DEBUG a.f.a.t.b.t.TransitionExecutorImpl - Translating to SMT
2026-05-02T04:29:16,639 [zio-default-async-5] DEBUG a.f.a.t.b.SeqModelChecker - Step 15: Transition #0. Is it enabled?
2026-05-02T04:29:16,640 [zio-default-async-5] DEBUG a.f.a.t.b.SeqModelChecker - Step 15: Transition #0 is enabled
2026-05-02T04:29:16,640 [zio-default-async-5] INFO  a.f.a.t.b.SeqModelChecker - State 15: Checking 1 state invariants
2026-05-02T04:29:16,640 [zio-default-async-5] DEBUG a.f.a.t.b.SeqModelChecker - State 15: Checking state invariant 0
2026-05-02T04:29:16,642 [zio-default-async-5] INFO  a.f.a.t.b.SeqModelChecker - State 15: state invariant 0 holds.
2026-05-02T04:29:16,643 [zio-default-async-5] DEBUG a.f.a.t.b.t.TransitionExecutorImpl - Step #15, transition #1
2026-05-02T04:29:16,643 [zio-default-async-5] DEBUG a.f.a.t.b.t.TransitionExecutorImpl - Translating to SMT
2026-05-02T04:29:16,644 [zio-default-async-5] DEBUG a.f.a.t.b.SeqModelChecker - Step 15: Transition #1. Is it enabled?
2026-05-02T04:29:16,644 [zio-default-async-5] DEBUG a.f.a.t.b.SeqModelChecker - Step 15: Transition #1 is enabled
2026-05-02T04:29:16,645 [zio-default-async-5] INFO  a.f.a.t.b.SeqModelChecker - State 15: Checking 1 state invariants
2026-05-02T04:29:16,645 [zio-default-async-5] DEBUG a.f.a.t.b.SeqModelChecker - State 15: Checking state invariant 0
2026-05-02T04:29:16,647 [zio-default-async-5] INFO  a.f.a.t.b.SeqModelChecker - State 15: state invariant 0 holds.
2026-05-02T04:29:16,648 [zio-default-async-5] DEBUG a.f.a.t.b.t.TransitionExecutorImpl - Step #15, transition #2
2026-05-02T04:29:16,648 [zio-default-async-5] DEBUG a.f.a.t.b.t.TransitionExecutorImpl - Translating to SMT
2026-05-02T04:29:16,649 [zio-default-async-5] DEBUG a.f.a.t.b.SeqModelChecker - Step 15: Transition #2. Is it enabled?
2026-05-02T04:29:16,649 [zio-default-async-5] DEBUG a.f.a.t.b.SeqModelChecker - Step 15: Transition #2 is enabled
2026-05-02T04:29:16,650 [zio-default-async-5] INFO  a.f.a.t.b.t.TransitionExecutorImpl - Step 15: picking a transition out of 3 transition(s)
2026-05-02T04:29:16,654 [zio-default-async-5] DEBUG a.f.a.t.b.s.Z3SolverContext - Disposing Z3 solver context 0
2026-05-02T04:29:16,658 [zio-default-async-5] INFO  a.f.a.t.b.p.BoundedCheckerPassImpl - The outcome is: NoError
2026-05-02T04:29:16,659 [zio-default-async-5] DEBUG a.f.a.i.p.PassChainExecutor - PASS #13: BoundedChecker [OK]
